<?xml version="1.0" encoding="UTF-8"?>
<!-- Generated by org.testng.reporters.JUnitReportReporter -->
<testsuite name="SentioTestScenarios.inputMaterialForm" tests="15" failures="1" timestamp="16 Mar 2020 12:29:43 GMT" time="223.351" errors="2">
  <testcase name="GiveExistingFormidDaterecievedLesserThanTodaysDate" time="10.278" classname="SentioTestScenarios.inputMaterialForm"/>
  <testcase name="GiveCompleteWithoutFillingManufacturer" time="0.363" classname="SentioTestScenarios.inputMaterialForm"/>
  <testcase name="CheckForCorrectDateOfReceipt" time="6.842" classname="SentioTestScenarios.inputMaterialForm"/>
  <testcase name="GiveCompleteWithoutFillingPartNumber" time="0.346" classname="SentioTestScenarios.inputMaterialForm"/>
  <testcase name="GiveCompleteWithoutFillingUnit" time="0.300" classname="SentioTestScenarios.inputMaterialForm">
    <error type="java.lang.IndexOutOfBoundsException" message="Index: 4, Size: 1">
      <![CDATA[java.lang.IndexOutOfBoundsException: Index: 4, Size: 1
	at java.util.ArrayList.rangeCheck(ArrayList.java:657)
	at java.util.ArrayList.get(ArrayList.java:433)
	at SentioTestScenarios.inputMaterialForm.GiveCompleteWithoutFillingUnit(inputMaterialForm.java:293)
	at sun.reflect.NativeMethodAccessorImpl.invoke0(Native Method)
	at sun.reflect.NativeMethodAccessorImpl.invoke(NativeMethodAccessorImpl.java:62)
	at sun.reflect.DelegatingMethodAccessorImpl.invoke(DelegatingMethodAccessorImpl.java:43)
	at java.lang.reflect.Method.invoke(Method.java:498)
	at org.testng.internal.MethodInvocationHelper.invokeMethod(MethodInvocationHelper.java:100)
	at org.testng.internal.Invoker.invokeMethod(Invoker.java:646)
	at org.testng.internal.Invoker.invokeTestMethod(Invoker.java:811)
	at org.testng.internal.Invoker.invokeTestMethods(Invoker.java:1129)
	at org.testng.internal.TestMethodWorker.invokeTestMethods(TestMethodWorker.java:129)
	at org.testng.internal.TestMethodWorker.run(TestMethodWorker.java:112)
	at org.testng.TestRunner.privateRun(TestRunner.java:746)
	at org.testng.TestRunner.run(TestRunner.java:600)
	at org.testng.SuiteRunner.runTest(SuiteRunner.java:366)
	at org.testng.SuiteRunner.runSequentially(SuiteRunner.java:361)
	at org.testng.SuiteRunner.privateRun(SuiteRunner.java:319)
	at org.testng.SuiteRunner.run(SuiteRunner.java:268)
	at org.testng.SuiteRunnerWorker.runSuite(SuiteRunnerWorker.java:52)
	at org.testng.SuiteRunnerWorker.run(SuiteRunnerWorker.java:86)
	at org.testng.TestNG.runSuitesSequentially(TestNG.java:1264)
	at org.testng.TestNG.runSuitesLocally(TestNG.java:1189)
	at org.testng.TestNG.runSuites(TestNG.java:1104)
	at org.testng.TestNG.run(TestNG.java:1076)
	at org.testng.remote.AbstractRemoteTestNG.run(AbstractRemoteTestNG.java:126)
	at org.testng.remote.RemoteTestNG.initAndRun(RemoteTestNG.java:152)
	at org.testng.remote.RemoteTestNG.main(RemoteTestNG.java:57)
]]>
    </error>
  </testcase> <!-- GiveCompleteWithoutFillingUnit -->
  <testcase name="GiveExistingFormidDaterecievedgreaterThanTodaysDate" time="7.728" classname="SentioTestScenarios.inputMaterialForm"/>
  <testcase name="GiveNewFormidDaterecievedLesserThanTodaysDate" time="4.760" classname="SentioTestScenarios.inputMaterialForm">
    <failure type="java.lang.AssertionError" message="The following asserts failed:
	Bookshelf items its an error expected [Form ID is already exists.] but found [Given date is greater than the current date.]">
      <![CDATA[java.lang.AssertionError: The following asserts failed:
	Bookshelf items its an error expected [Form ID is already exists.] but found [Given date is greater than the current date.]
	at org.testng.asserts.SoftAssert.assertAll(SoftAssert.java:43)
	at SentioTestScenarios.inputMaterialForm.GiveNewFormidDaterecievedLesserThanTodaysDate(inputMaterialForm.java:182)
	at sun.reflect.NativeMethodAccessorImpl.invoke0(Native Method)
	at sun.reflect.NativeMethodAccessorImpl.invoke(NativeMethodAccessorImpl.java:62)
	at sun.reflect.DelegatingMethodAccessorImpl.invoke(DelegatingMethodAccessorImpl.java:43)
	at java.lang.reflect.Method.invoke(Method.java:498)
	at org.testng.internal.MethodInvocationHelper.invokeMethod(MethodInvocationHelper.java:100)
	at org.testng.internal.Invoker.invokeMethod(Invoker.java:646)
	at org.testng.internal.Invoker.invokeTestMethod(Invoker.java:811)
	at org.testng.internal.Invoker.invokeTestMethods(Invoker.java:1129)
	at org.testng.internal.TestMethodWorker.invokeTestMethods(TestMethodWorker.java:129)
	at org.testng.internal.TestMethodWorker.run(TestMethodWorker.java:112)
	at org.testng.TestRunner.privateRun(TestRunner.java:746)
	at org.testng.TestRunner.run(TestRunner.java:600)
	at org.testng.SuiteRunner.runTest(SuiteRunner.java:366)
	at org.testng.SuiteRunner.runSequentially(SuiteRunner.java:361)
	at org.testng.SuiteRunner.privateRun(SuiteRunner.java:319)
	at org.testng.SuiteRunner.run(SuiteRunner.java:268)
	at org.testng.SuiteRunnerWorker.runSuite(SuiteRunnerWorker.java:52)
	at org.testng.SuiteRunnerWorker.run(SuiteRunnerWorker.java:86)
	at org.testng.TestNG.runSuitesSequentially(TestNG.java:1264)
	at org.testng.TestNG.runSuitesLocally(TestNG.java:1189)
	at org.testng.TestNG.runSuites(TestNG.java:1104)
	at org.testng.TestNG.run(TestNG.java:1076)
	at org.testng.remote.AbstractRemoteTestNG.run(AbstractRemoteTestNG.java:126)
	at org.testng.remote.RemoteTestNG.initAndRun(RemoteTestNG.java:152)
	at org.testng.remote.RemoteTestNG.main(RemoteTestNG.java:57)
]]>
    </failure>
  </testcase> <!-- GiveNewFormidDaterecievedLesserThanTodaysDate -->
  <testcase name="GiveExistingFormidDaterecievedSameAsTodaysDate" time="8.099" classname="SentioTestScenarios.inputMaterialForm"/>
  <testcase name="GiveNewFormidDaterecievedGreaterThanTodaysDate" time="9.669" classname="SentioTestScenarios.inputMaterialForm"/>
  <testcase name="GiveCompleteWithoutFillingInternalLotNumber" time="2.483" classname="SentioTestScenarios.inputMaterialForm"/>
  <testcase name="GiveCompleteWithoutFillingQuantity" time="0.345" classname="SentioTestScenarios.inputMaterialForm">
    <error type="java.lang.IndexOutOfBoundsException" message="Index: 3, Size: 2">
      <![CDATA[java.lang.IndexOutOfBoundsException: Index: 3, Size: 2
	at java.util.ArrayList.rangeCheck(ArrayList.java:657)
	at java.util.ArrayList.get(ArrayList.java:433)
	at SentioTestScenarios.inputMaterialForm.GiveCompleteWithoutFillingQuantity(inputMaterialForm.java:279)
	at sun.reflect.NativeMethodAccessorImpl.invoke0(Native Method)
	at sun.reflect.NativeMethodAccessorImpl.invoke(NativeMethodAccessorImpl.java:62)
	at sun.reflect.DelegatingMethodAccessorImpl.invoke(DelegatingMethodAccessorImpl.java:43)
	at java.lang.reflect.Method.invoke(Method.java:498)
	at org.testng.internal.MethodInvocationHelper.invokeMethod(MethodInvocationHelper.java:100)
	at org.testng.internal.Invoker.invokeMethod(Invoker.java:646)
	at org.testng.internal.Invoker.invokeTestMethod(Invoker.java:811)
	at org.testng.internal.Invoker.invokeTestMethods(Invoker.java:1129)
	at org.testng.internal.TestMethodWorker.invokeTestMethods(TestMethodWorker.java:129)
	at org.testng.internal.TestMethodWorker.run(TestMethodWorker.java:112)
	at org.testng.TestRunner.privateRun(TestRunner.java:746)
	at org.testng.TestRunner.run(TestRunner.java:600)
	at org.testng.SuiteRunner.runTest(SuiteRunner.java:366)
	at org.testng.SuiteRunner.runSequentially(SuiteRunner.java:361)
	at org.testng.SuiteRunner.privateRun(SuiteRunner.java:319)
	at org.testng.SuiteRunner.run(SuiteRunner.java:268)
	at org.testng.SuiteRunnerWorker.runSuite(SuiteRunnerWorker.java:52)
	at org.testng.SuiteRunnerWorker.run(SuiteRunnerWorker.java:86)
	at org.testng.TestNG.runSuitesSequentially(TestNG.java:1264)
	at org.testng.TestNG.runSuitesLocally(TestNG.java:1189)
	at org.testng.TestNG.runSuites(TestNG.java:1104)
	at org.testng.TestNG.run(TestNG.java:1076)
	at org.testng.remote.AbstractRemoteTestNG.run(AbstractRemoteTestNG.java:126)
	at org.testng.remote.RemoteTestNG.initAndRun(RemoteTestNG.java:152)
	at org.testng.remote.RemoteTestNG.main(RemoteTestNG.java:57)
]]>
    </error>
  </testcase> <!-- GiveCompleteWithoutFillingQuantity -->
  <testcase name="OpenInputMaterial" time="19.822" classname="SentioTestScenarios.inputMaterialForm"/>
  <testcase name="GiveAllCorrectDetailsComplete" time="4.945" classname="SentioTestScenarios.inputMaterialForm"/>
  <testcase name="Login" time="147.340" classname="SentioTestScenarios.inputMaterialForm"/>
  <testcase name="CheckForCorrectRecievedBy" time="0.031" classname="SentioTestScenarios.inputMaterialForm"/>
</testsuite> <!-- SentioTestScenarios.inputMaterialForm -->
