<?xml version="1.0" encoding="UTF-8"?>
<!-- Generated by org.testng.reporters.JUnitReportReporter -->
<testsuite name="SentioTestScenarios.StartBatch" tests="9" failures="3" timestamp="24 Oct 2019 13:46:26 GMT" time="568.662" errors="0">
  <testcase name="AddTotalField6" time="59.312" classname="SentioTestScenarios.StartBatch"/>
  <testcase name="StopWatch5" time="70.860" classname="SentioTestScenarios.StartBatch"/>
  <testcase name="AddBy9" time="63.598" classname="SentioTestScenarios.StartBatch"/>
  <testcase name="AddVerify8" time="73.952" classname="SentioTestScenarios.StartBatch">
    <failure type="org.openqa.selenium.WebDriverException" message="element not interactable
  (Session info: chrome=75.0.3770.100)
  (Driver info: chromedriver=75.0.3770.90 (a6dcaf7e3ec6f70a194cc25e8149475c6590e025-refs/branch-heads/3770@{#1003}),platform=Linux 4.4.0-112-generic x86_64) (WARNING: The server did not provide any stacktrace information)
Command duration or timeout: 30.12 seconds
Build info: version: &#039;2.53.1&#039;, revision: &#039;a36b8b1cd5757287168e54b817830adce9b0158d&#039;, time: &#039;2016-06-30 19:26:09&#039;
System info: host: &#039;N/A&#039;, ip: &#039;N/A&#039;, os.name: &#039;Linux&#039;, os.arch: &#039;amd64&#039;, os.version: &#039;4.4.0-112-generic&#039;, java.version: &#039;1.7.0_80&#039;
Session ID: eed8a30bf1eb547089b60b82ecfc82f1
Driver info: org.openqa.selenium.chrome.ChromeDriver
Capabilities [{javascriptEnabled=true, acceptSslCerts=false, browserName=chrome, chrome={userDataDir=/tmp/.com.google.Chrome.lCCi8n, chromedriverVersion=75.0.3770.90 (a6dcaf7e3ec6f70a194cc25e8149475c6590e025-refs/branch-heads/3770@{#1003})}, networkConnectionEnabled=false, mobileEmulationEnabled=false, setWindowRect=true, version=75.0.3770.100, takesHeapSnapshot=true, nativeEvents=true, proxy={}, strictFileInteractability=false, hasTouchScreen=false, applicationCacheEnabled=false, takesScreenshot=true, acceptInsecureCerts=false, platform=LINUX, unexpectedAlertBehaviour=ignore, rotatable=false, locationContextEnabled=true, goog:chromeOptions={debuggerAddress=localhost:37022}, pageLoadStrategy=normal, timeouts={pageLoad=300000, implicit=0, script=30000}, cssSelectorsEnabled=true, databaseEnabled=false, handlesAlerts=true, browserConnectionEnabled=false, webStorageEnabled=true}]">
      <![CDATA[org.openqa.selenium.WebDriverException: element not interactable
  (Session info: chrome=75.0.3770.100)
  (Driver info: chromedriver=75.0.3770.90 (a6dcaf7e3ec6f70a194cc25e8149475c6590e025-refs/branch-heads/3770@{#1003}),platform=Linux 4.4.0-112-generic x86_64) (WARNING: The server did not provide any stacktrace information)
Command duration or timeout: 30.12 seconds
Build info: version: '2.53.1', revision: 'a36b8b1cd5757287168e54b817830adce9b0158d', time: '2016-06-30 19:26:09'
System info: host: 'N/A', ip: 'N/A', os.name: 'Linux', os.arch: 'amd64', os.version: '4.4.0-112-generic', java.version: '1.7.0_80'
Session ID: eed8a30bf1eb547089b60b82ecfc82f1
Driver info: org.openqa.selenium.chrome.ChromeDriver
Capabilities [{javascriptEnabled=true, acceptSslCerts=false, browserName=chrome, chrome={userDataDir=/tmp/.com.google.Chrome.lCCi8n, chromedriverVersion=75.0.3770.90 (a6dcaf7e3ec6f70a194cc25e8149475c6590e025-refs/branch-heads/3770@{#1003})}, networkConnectionEnabled=false, mobileEmulationEnabled=false, setWindowRect=true, version=75.0.3770.100, takesHeapSnapshot=true, nativeEvents=true, proxy={}, strictFileInteractability=false, hasTouchScreen=false, applicationCacheEnabled=false, takesScreenshot=true, acceptInsecureCerts=false, platform=LINUX, unexpectedAlertBehaviour=ignore, rotatable=false, locationContextEnabled=true, goog:chromeOptions={debuggerAddress=localhost:37022}, pageLoadStrategy=normal, timeouts={pageLoad=300000, implicit=0, script=30000}, cssSelectorsEnabled=true, databaseEnabled=false, handlesAlerts=true, browserConnectionEnabled=false, webStorageEnabled=true}]
	at sun.reflect.NativeConstructorAccessorImpl.newInstance0(Native Method)
	at sun.reflect.NativeConstructorAccessorImpl.newInstance(NativeConstructorAccessorImpl.java:57)
	at sun.reflect.DelegatingConstructorAccessorImpl.newInstance(DelegatingConstructorAccessorImpl.java:45)
	at java.lang.reflect.Constructor.newInstance(Constructor.java:526)
	at org.openqa.selenium.remote.ErrorHandler.createThrowable(ErrorHandler.java:206)
	at org.openqa.selenium.remote.ErrorHandler.throwIfResponseFailed(ErrorHandler.java:158)
	at org.openqa.selenium.remote.RemoteWebDriver.execute(RemoteWebDriver.java:678)
	at org.openqa.selenium.remote.RemoteWebElement.execute(RemoteWebElement.java:327)
	at org.openqa.selenium.remote.RemoteWebElement.sendKeys(RemoteWebElement.java:122)
	at SentioTestScenarios.StartBatch.AddVerify8(StartBatch.java:468)
	at sun.reflect.NativeMethodAccessorImpl.invoke0(Native Method)
	at sun.reflect.NativeMethodAccessorImpl.invoke(NativeMethodAccessorImpl.java:57)
	at sun.reflect.DelegatingMethodAccessorImpl.invoke(DelegatingMethodAccessorImpl.java:43)
	at java.lang.reflect.Method.invoke(Method.java:606)
	at org.testng.internal.MethodInvocationHelper.invokeMethod(MethodInvocationHelper.java:80)
	at org.testng.internal.Invoker.invokeMethod(Invoker.java:714)
	at org.testng.internal.Invoker.invokeTestMethod(Invoker.java:901)
	at org.testng.internal.Invoker.invokeTestMethods(Invoker.java:1231)
	at org.testng.internal.TestMethodWorker.invokeTestMethods(TestMethodWorker.java:127)
	at org.testng.internal.TestMethodWorker.run(TestMethodWorker.java:111)
	at org.testng.TestRunner.privateRun(TestRunner.java:767)
	at org.testng.TestRunner.run(TestRunner.java:617)
	at org.testng.SuiteRunner.runTest(SuiteRunner.java:334)
	at org.testng.SuiteRunner.runSequentially(SuiteRunner.java:329)
	at org.testng.SuiteRunner.privateRun(SuiteRunner.java:291)
	at org.testng.SuiteRunner.run(SuiteRunner.java:240)
	at org.testng.SuiteRunnerWorker.runSuite(SuiteRunnerWorker.java:52)
	at org.testng.SuiteRunnerWorker.run(SuiteRunnerWorker.java:86)
	at org.testng.TestNG.runSuitesSequentially(TestNG.java:1198)
	at org.testng.TestNG.runSuitesLocally(TestNG.java:1123)
	at org.testng.TestNG.run(TestNG.java:1031)
	at org.testng.remote.AbstractRemoteTestNG.run(AbstractRemoteTestNG.java:126)
	at org.testng.remote.RemoteTestNG.initAndRun(RemoteTestNG.java:152)
	at org.testng.remote.RemoteTestNG.main(RemoteTestNG.java:57)
]]>
    </failure>
  </testcase> <!-- AddVerify8 -->
  <testcase name="AddValidators7" time="49.258" classname="SentioTestScenarios.StartBatch"/>
  <testcase name="ExpressionQuestionType3" time="55.258" classname="SentioTestScenarios.StartBatch">
    <failure type="org.openqa.selenium.NoSuchElementException" message="no such element: Unable to locate element: {&quot;method&quot;:&quot;xpath&quot;,&quot;selector&quot;:&quot;//*[@id=&quot;wrappersi&quot;]/div[1]/div/div/div[3]&quot;}
  (Session info: chrome=75.0.3770.100)
  (Driver info: chromedriver=75.0.3770.90 (a6dcaf7e3ec6f70a194cc25e8149475c6590e025-refs/branch-heads/3770@{#1003}),platform=Linux 4.4.0-112-generic x86_64) (WARNING: The server did not provide any stacktrace information)
Command duration or timeout: 31.66 seconds
For documentation on this error, please visit: http://seleniumhq.org/exceptions/no_such_element.html
Build info: version: &#039;2.53.1&#039;, revision: &#039;a36b8b1cd5757287168e54b817830adce9b0158d&#039;, time: &#039;2016-06-30 19:26:09&#039;
System info: host: &#039;N/A&#039;, ip: &#039;N/A&#039;, os.name: &#039;Linux&#039;, os.arch: &#039;amd64&#039;, os.version: &#039;4.4.0-112-generic&#039;, java.version: &#039;1.7.0_80&#039;
*** Element info: {Using=xpath, value=//*[@id=&quot;wrappersi&quot;]/div[1]/div/div/div[3]}
Session ID: 9e98b2dc6041def76874d85f4e25576e
Driver info: org.openqa.selenium.chrome.ChromeDriver
Capabilities [{javascriptEnabled=true, acceptSslCerts=false, browserName=chrome, chrome={userDataDir=/tmp/.com.google.Chrome.gtYrOt, chromedriverVersion=75.0.3770.90 (a6dcaf7e3ec6f70a194cc25e8149475c6590e025-refs/branch-heads/3770@{#1003})}, networkConnectionEnabled=false, mobileEmulationEnabled=false, setWindowRect=true, version=75.0.3770.100, takesHeapSnapshot=true, nativeEvents=true, proxy={}, strictFileInteractability=false, hasTouchScreen=false, applicationCacheEnabled=false, takesScreenshot=true, acceptInsecureCerts=false, platform=LINUX, unexpectedAlertBehaviour=ignore, rotatable=false, locationContextEnabled=true, goog:chromeOptions={debuggerAddress=localhost:40578}, pageLoadStrategy=normal, timeouts={pageLoad=300000, implicit=0, script=30000}, cssSelectorsEnabled=true, databaseEnabled=false, handlesAlerts=true, browserConnectionEnabled=false, webStorageEnabled=true}]">
      <![CDATA[org.openqa.selenium.NoSuchElementException: no such element: Unable to locate element: {"method":"xpath","selector":"//*[@id="wrappersi"]/div[1]/div/div/div[3]"}
  (Session info: chrome=75.0.3770.100)
  (Driver info: chromedriver=75.0.3770.90 (a6dcaf7e3ec6f70a194cc25e8149475c6590e025-refs/branch-heads/3770@{#1003}),platform=Linux 4.4.0-112-generic x86_64) (WARNING: The server did not provide any stacktrace information)
Command duration or timeout: 31.66 seconds
For documentation on this error, please visit: http://seleniumhq.org/exceptions/no_such_element.html
Build info: version: '2.53.1', revision: 'a36b8b1cd5757287168e54b817830adce9b0158d', time: '2016-06-30 19:26:09'
System info: host: 'N/A', ip: 'N/A', os.name: 'Linux', os.arch: 'amd64', os.version: '4.4.0-112-generic', java.version: '1.7.0_80'
*** Element info: {Using=xpath, value=//*[@id="wrappersi"]/div[1]/div/div/div[3]}
Session ID: 9e98b2dc6041def76874d85f4e25576e
Driver info: org.openqa.selenium.chrome.ChromeDriver
Capabilities [{javascriptEnabled=true, acceptSslCerts=false, browserName=chrome, chrome={userDataDir=/tmp/.com.google.Chrome.gtYrOt, chromedriverVersion=75.0.3770.90 (a6dcaf7e3ec6f70a194cc25e8149475c6590e025-refs/branch-heads/3770@{#1003})}, networkConnectionEnabled=false, mobileEmulationEnabled=false, setWindowRect=true, version=75.0.3770.100, takesHeapSnapshot=true, nativeEvents=true, proxy={}, strictFileInteractability=false, hasTouchScreen=false, applicationCacheEnabled=false, takesScreenshot=true, acceptInsecureCerts=false, platform=LINUX, unexpectedAlertBehaviour=ignore, rotatable=false, locationContextEnabled=true, goog:chromeOptions={debuggerAddress=localhost:40578}, pageLoadStrategy=normal, timeouts={pageLoad=300000, implicit=0, script=30000}, cssSelectorsEnabled=true, databaseEnabled=false, handlesAlerts=true, browserConnectionEnabled=false, webStorageEnabled=true}]
	at sun.reflect.NativeConstructorAccessorImpl.newInstance0(Native Method)
	at sun.reflect.NativeConstructorAccessorImpl.newInstance(NativeConstructorAccessorImpl.java:57)
	at sun.reflect.DelegatingConstructorAccessorImpl.newInstance(DelegatingConstructorAccessorImpl.java:45)
	at java.lang.reflect.Constructor.newInstance(Constructor.java:526)
	at org.openqa.selenium.remote.ErrorHandler.createThrowable(ErrorHandler.java:206)
	at org.openqa.selenium.remote.ErrorHandler.throwIfResponseFailed(ErrorHandler.java:158)
	at org.openqa.selenium.remote.RemoteWebDriver.execute(RemoteWebDriver.java:678)
	at org.openqa.selenium.remote.RemoteWebDriver.findElement(RemoteWebDriver.java:363)
	at org.openqa.selenium.remote.RemoteWebDriver.findElementByXPath(RemoteWebDriver.java:500)
	at org.openqa.selenium.By$ByXPath.findElement(By.java:361)
	at org.openqa.selenium.remote.RemoteWebDriver.findElement(RemoteWebDriver.java:355)
	at SentioTestScenarios.StartBatch.ExpressionQuestionType3(StartBatch.java:169)
	at sun.reflect.NativeMethodAccessorImpl.invoke0(Native Method)
	at sun.reflect.NativeMethodAccessorImpl.invoke(NativeMethodAccessorImpl.java:57)
	at sun.reflect.DelegatingMethodAccessorImpl.invoke(DelegatingMethodAccessorImpl.java:43)
	at java.lang.reflect.Method.invoke(Method.java:606)
	at org.testng.internal.MethodInvocationHelper.invokeMethod(MethodInvocationHelper.java:80)
	at org.testng.internal.Invoker.invokeMethod(Invoker.java:714)
	at org.testng.internal.Invoker.invokeTestMethod(Invoker.java:901)
	at org.testng.internal.Invoker.invokeTestMethods(Invoker.java:1231)
	at org.testng.internal.TestMethodWorker.invokeTestMethods(TestMethodWorker.java:127)
	at org.testng.internal.TestMethodWorker.run(TestMethodWorker.java:111)
	at org.testng.TestRunner.privateRun(TestRunner.java:767)
	at org.testng.TestRunner.run(TestRunner.java:617)
	at org.testng.SuiteRunner.runTest(SuiteRunner.java:334)
	at org.testng.SuiteRunner.runSequentially(SuiteRunner.java:329)
	at org.testng.SuiteRunner.privateRun(SuiteRunner.java:291)
	at org.testng.SuiteRunner.run(SuiteRunner.java:240)
	at org.testng.SuiteRunnerWorker.runSuite(SuiteRunnerWorker.java:52)
	at org.testng.SuiteRunnerWorker.run(SuiteRunnerWorker.java:86)
	at org.testng.TestNG.runSuitesSequentially(TestNG.java:1198)
	at org.testng.TestNG.runSuitesLocally(TestNG.java:1123)
	at org.testng.TestNG.run(TestNG.java:1031)
	at org.testng.remote.AbstractRemoteTestNG.run(AbstractRemoteTestNG.java:126)
	at org.testng.remote.RemoteTestNG.initAndRun(RemoteTestNG.java:152)
	at org.testng.remote.RemoteTestNG.main(RemoteTestNG.java:57)
]]>
    </failure>
  </testcase> <!-- ExpressionQuestionType3 -->
  <testcase name="DataFieldQuestionType1" time="13.669" classname="SentioTestScenarios.StartBatch"/>
  <testcase name="TimerQuestionType4" time="122.686" classname="SentioTestScenarios.StartBatch"/>
  <testcase name="DataFieldDynamicMatrix2" time="60.069" classname="SentioTestScenarios.StartBatch">
    <failure type="org.openqa.selenium.NoSuchElementException" message="Cannot locate element with text: Sulfuric Acid 50%(v/v)
For documentation on this error, please visit: http://seleniumhq.org/exceptions/no_such_element.html
Build info: version: &#039;2.53.1&#039;, revision: &#039;a36b8b1cd5757287168e54b817830adce9b0158d&#039;, time: &#039;2016-06-30 19:26:09&#039;
System info: host: &#039;N/A&#039;, ip: &#039;N/A&#039;, os.name: &#039;Linux&#039;, os.arch: &#039;amd64&#039;, os.version: &#039;4.4.0-112-generic&#039;, java.version: &#039;1.7.0_80&#039;
Driver info: driver.version: unknown">
      <![CDATA[org.openqa.selenium.NoSuchElementException: Cannot locate element with text: Sulfuric Acid 50%(v/v)
For documentation on this error, please visit: http://seleniumhq.org/exceptions/no_such_element.html
Build info: version: '2.53.1', revision: 'a36b8b1cd5757287168e54b817830adce9b0158d', time: '2016-06-30 19:26:09'
System info: host: 'N/A', ip: 'N/A', os.name: 'Linux', os.arch: 'amd64', os.version: '4.4.0-112-generic', java.version: '1.7.0_80'
Driver info: driver.version: unknown
	at org.openqa.selenium.support.ui.Select.selectByVisibleText(Select.java:150)
	at SentioTestScenarios.StartBatch.DataFieldDynamicMatrix2(StartBatch.java:112)
	at sun.reflect.NativeMethodAccessorImpl.invoke0(Native Method)
	at sun.reflect.NativeMethodAccessorImpl.invoke(NativeMethodAccessorImpl.java:57)
	at sun.reflect.DelegatingMethodAccessorImpl.invoke(DelegatingMethodAccessorImpl.java:43)
	at java.lang.reflect.Method.invoke(Method.java:606)
	at org.testng.internal.MethodInvocationHelper.invokeMethod(MethodInvocationHelper.java:80)
	at org.testng.internal.Invoker.invokeMethod(Invoker.java:714)
	at org.testng.internal.Invoker.invokeTestMethod(Invoker.java:901)
	at org.testng.internal.Invoker.invokeTestMethods(Invoker.java:1231)
	at org.testng.internal.TestMethodWorker.invokeTestMethods(TestMethodWorker.java:127)
	at org.testng.internal.TestMethodWorker.run(TestMethodWorker.java:111)
	at org.testng.TestRunner.privateRun(TestRunner.java:767)
	at org.testng.TestRunner.run(TestRunner.java:617)
	at org.testng.SuiteRunner.runTest(SuiteRunner.java:334)
	at org.testng.SuiteRunner.runSequentially(SuiteRunner.java:329)
	at org.testng.SuiteRunner.privateRun(SuiteRunner.java:291)
	at org.testng.SuiteRunner.run(SuiteRunner.java:240)
	at org.testng.SuiteRunnerWorker.runSuite(SuiteRunnerWorker.java:52)
	at org.testng.SuiteRunnerWorker.run(SuiteRunnerWorker.java:86)
	at org.testng.TestNG.runSuitesSequentially(TestNG.java:1198)
	at org.testng.TestNG.runSuitesLocally(TestNG.java:1123)
	at org.testng.TestNG.run(TestNG.java:1031)
	at org.testng.remote.AbstractRemoteTestNG.run(AbstractRemoteTestNG.java:126)
	at org.testng.remote.RemoteTestNG.initAndRun(RemoteTestNG.java:152)
	at org.testng.remote.RemoteTestNG.main(RemoteTestNG.java:57)
]]>
    </failure>
  </testcase> <!-- DataFieldDynamicMatrix2 -->
</testsuite> <!-- SentioTestScenarios.StartBatch -->
